[0m20:38:25.167307 [debug] [MainThread]: Sending event: {'category': 'dbt', 'action': 'invocation', 'label': 'start', 'context': [<snowplow_tracker.self_describing_json.SelfDescribingJson object at 0x0000029FC4450EC0>, <snowplow_tracker.self_describing_json.SelfDescribingJson object at 0x0000029FC55BBED0>, <snowplow_tracker.self_describing_json.SelfDescribingJson object at 0x0000029FC55BBB10>]}


============================== 20:38:25.173782 | 6abc9722-dd89-45ef-9879-947335eeecef ==============================
[0m20:38:25.173782 [info ] [MainThread]: Running with dbt=1.11.2
[0m20:38:25.174323 [debug] [MainThread]: running dbt with arguments {'version_check': 'True', 'no_print': 'None', 'static_parser': 'True', 'target_path': 'None', 'warn_error_options': 'WarnErrorOptionsV2(error=[], warn=[], silence=[])', 'printer_width': '80', 'write_json': 'True', 'introspect': 'True', 'log_cache_events': 'False', 'empty': 'None', 'cache_selected_only': 'False', 'fail_fast': 'False', 'debug': 'False', 'log_format': 'default', 'partial_parse': 'True', 'send_anonymous_usage_stats': 'True', 'quiet': 'False', 'warn_error': 'None', 'profiles_dir': 'C:\\Users\\victo\\projects\\data-pipeline-portfolio\\dbtproject', 'use_colors': 'True', 'invocation_command': 'dbt debug', 'indirect_selection': 'eager', 'use_experimental_parser': 'False', 'log_path': 'C:\\Users\\victo\\projects\\data-pipeline-portfolio\\dbtproject\\logs'}
[0m20:38:25.240220 [info ] [MainThread]: dbt version: 1.11.2
[0m20:38:25.240588 [info ] [MainThread]: python version: 3.13.9
[0m20:38:25.240945 [info ] [MainThread]: python path: C:\Users\victo\projects\data-pipeline-portfolio\venv\Scripts\python.exe
[0m20:38:25.241314 [info ] [MainThread]: os info: Windows-11-10.0.26200-SP0
[0m20:38:25.975216 [debug] [MainThread]: Snowflake adapter: Setting snowflake.connector to ERROR (file logging only)
[0m20:38:25.994591 [debug] [MainThread]: Snowflake adapter: Setting botocore to ERROR (file logging only)
[0m20:38:25.994893 [debug] [MainThread]: Snowflake adapter: Setting boto3 to ERROR (file logging only)
[0m20:38:26.066556 [info ] [MainThread]: Using profiles dir at C:\Users\victo\projects\data-pipeline-portfolio\dbtproject
[0m20:38:26.066983 [info ] [MainThread]: Using profiles.yml file at C:\Users\victo\projects\data-pipeline-portfolio\dbtproject\profiles.yml
[0m20:38:26.067402 [info ] [MainThread]: Using dbt_project.yml file at C:\Users\victo\projects\data-pipeline-portfolio\dbtproject\dbt_project.yml
[0m20:38:26.068521 [info ] [MainThread]: adapter type: snowflake
[0m20:38:26.068853 [info ] [MainThread]: adapter version: 1.11.0
[0m20:38:26.157471 [info ] [MainThread]: Configuration:
[0m20:38:26.157861 [info ] [MainThread]:   profiles.yml file [[32mOK found and valid[0m]
[0m20:38:26.158191 [info ] [MainThread]:   dbt_project.yml file [[32mOK found and valid[0m]
[0m20:38:26.158496 [info ] [MainThread]: Required dependencies:
[0m20:38:26.158806 [debug] [MainThread]: Executing "git --help"
[0m20:38:26.502851 [debug] [MainThread]: STDOUT: "b"usage: git [-v | --version] [-h | --help] [-C <path>] [-c <name>=<value>]\n           [--exec-path[=<path>]] [--html-path] [--man-path] [--info-path]\n           [-p | --paginate | -P | --no-pager] [--no-replace-objects] [--no-lazy-fetch]\n           [--no-optional-locks] [--no-advice] [--bare] [--git-dir=<path>]\n           [--work-tree=<path>] [--namespace=<name>] [--config-env=<name>=<envvar>]\n           <command> [<args>]\n\nThese are common Git commands used in various situations:\n\nstart a working area (see also: git help tutorial)\n   clone      Clone a repository into a new directory\n   init       Create an empty Git repository or reinitialize an existing one\n\nwork on the current change (see also: git help everyday)\n   add        Add file contents to the index\n   mv         Move or rename a file, a directory, or a symlink\n   restore    Restore working tree files\n   rm         Remove files from the working tree and from the index\n\nexamine the history and state (see also: git help revisions)\n   bisect     Use binary search to find the commit that introduced a bug\n   diff       Show changes between commits, commit and working tree, etc\n   grep       Print lines matching a pattern\n   log        Show commit logs\n   show       Show various types of objects\n   status     Show the working tree status\n\ngrow, mark and tweak your common history\n   backfill   Download missing objects in a partial clone\n   branch     List, create, or delete branches\n   commit     Record changes to the repository\n   merge      Join two or more development histories together\n   rebase     Reapply commits on top of another base tip\n   reset      Reset current HEAD to the specified state\n   switch     Switch branches\n   tag        Create, list, delete or verify a tag object signed with GPG\n\ncollaborate (see also: git help workflows)\n   fetch      Download objects and refs from another repository\n   pull       Fetch from and integrate with another repository or a local branch\n   push       Update remote refs along with associated objects\n\n'git help -a' and 'git help -g' list available subcommands and some\nconcept guides. See 'git help <command>' or 'git help <concept>'\nto read about a specific subcommand or concept.\nSee 'git help git' for an overview of the system.\n""
[0m20:38:26.503350 [debug] [MainThread]: STDERR: "b''"
[0m20:38:26.503713 [info ] [MainThread]:  - git [[32mOK found[0m]

[0m20:38:26.504059 [info ] [MainThread]: Connection:
[0m20:38:26.504424 [info ] [MainThread]:   account: UZQPXSP-DG14553
[0m20:38:26.504753 [info ] [MainThread]:   user: VICTORN198
[0m20:38:26.505048 [info ] [MainThread]:   database: ANALYTICS
[0m20:38:26.505334 [info ] [MainThread]:   warehouse: COMPUTE_WH
[0m20:38:26.505620 [info ] [MainThread]:   role: ACCOUNTADMIN
[0m20:38:26.505891 [info ] [MainThread]:   schema: STAGING
[0m20:38:26.506160 [info ] [MainThread]:   authenticator: None
[0m20:38:26.506428 [info ] [MainThread]:   oauth_client_id: None
[0m20:38:26.506698 [info ] [MainThread]:   query_tag: None
[0m20:38:26.506981 [info ] [MainThread]:   client_session_keep_alive: False
[0m20:38:26.507249 [info ] [MainThread]:   host: None
[0m20:38:26.507519 [info ] [MainThread]:   port: None
[0m20:38:26.507852 [info ] [MainThread]:   proxy_host: None
[0m20:38:26.508188 [info ] [MainThread]:   proxy_port: None
[0m20:38:26.508527 [info ] [MainThread]:   protocol: None
[0m20:38:26.508885 [info ] [MainThread]:   connect_retries: 1
[0m20:38:26.509225 [info ] [MainThread]:   connect_timeout: None
[0m20:38:26.509565 [info ] [MainThread]:   retry_on_database_errors: False
[0m20:38:26.509875 [info ] [MainThread]:   retry_all: False
[0m20:38:26.510163 [info ] [MainThread]:   insecure_mode: False
[0m20:38:26.510452 [info ] [MainThread]:   reuse_connections: True
[0m20:38:26.510720 [info ] [MainThread]:   s3_stage_vpce_dns_name: None
[0m20:38:26.510990 [info ] [MainThread]:   platform_detection_timeout_seconds: 0.0
[0m20:38:26.511493 [info ] [MainThread]: Registered adapter: snowflake=1.11.0
[0m20:38:27.069265 [debug] [MainThread]: Acquiring new snowflake connection 'debug'
[0m20:38:30.771890 [debug] [MainThread]: Using snowflake connection "debug"
[0m20:38:30.772242 [debug] [MainThread]: On debug: select 1 as id
[0m20:38:30.772488 [debug] [MainThread]: Opening a new connection, currently in state init
[0m20:52:45.620992 [error] [MainThread]: Encountered an error:

[0m20:52:45.630840 [error] [MainThread]: Traceback (most recent call last):
  File "D:\phyton\Lib\tempfile.py", line 257, in _mkstemp_inner
    fd = _os.open(file, flags, 0o600)
PermissionError: [Errno 13] Permission denied: 'C:\\Users\\victo\\AppData\\Local\\Snowflake\\Caches\\tmpd9ne1hzq'

During handling of the above exception, another exception occurred:

Traceback (most recent call last):
  File "C:\Users\victo\projects\data-pipeline-portfolio\venv\Lib\site-packages\dbt\cli\requires.py", line 182, in wrapper
    result, success = func(*args, **kwargs)
                      ~~~~^^^^^^^^^^^^^^^^^
  File "C:\Users\victo\projects\data-pipeline-portfolio\venv\Lib\site-packages\dbt\cli\requires.py", line 128, in wrapper
    return func(*args, **kwargs)
  File "C:\Users\victo\projects\data-pipeline-portfolio\venv\Lib\site-packages\dbt\cli\main.py", line 420, in debug
    results = task.run()
  File "C:\Users\victo\projects\data-pipeline-portfolio\venv\Lib\site-packages\dbt\task\debug.py", line 144, in run
    connection_status = self.test_connection()
  File "C:\Users\victo\projects\data-pipeline-portfolio\venv\Lib\site-packages\dbt\task\debug.py", line 465, in test_connection
    connection_result = self.attempt_connection(self.profile)
  File "C:\Users\victo\projects\data-pipeline-portfolio\venv\Lib\site-packages\dbt\task\debug.py", line 443, in attempt_connection
    adapter.debug_query()
    ~~~~~~~~~~~~~~~~~~~^^
  File "C:\Users\victo\projects\data-pipeline-portfolio\venv\Lib\site-packages\dbt\adapters\snowflake\impl.py", line 458, in debug_query
    self.execute("select 1 as id")
    ~~~~~~~~~~~~^^^^^^^^^^^^^^^^^^
  File "C:\Users\victo\projects\data-pipeline-portfolio\venv\Lib\site-packages\dbt_common\record.py", line 538, in record_replay_wrapper
    return func_to_record(*call_args, **kwargs)
  File "C:\Users\victo\projects\data-pipeline-portfolio\venv\Lib\site-packages\dbt\adapters\base\impl.py", line 461, in execute
    return self.connections.execute(sql=sql, auto_begin=auto_begin, fetch=fetch, limit=limit)
           ~~~~~~~~~~~~~~~~~~~~~~~~^^^^^^^^^^^^^^^^^^^^^^^^^^^^^^^^^^^^^^^^^^^^^^^^^^^^^^^^^^
  File "C:\Users\victo\projects\data-pipeline-portfolio\venv\Lib\site-packages\dbt\adapters\snowflake\connections.py", line 541, in execute
    _, cursor = self.add_query(sql, auto_begin)
                ~~~~~~~~~~~~~~^^^^^^^^^^^^^^^^^
  File "C:\Users\victo\projects\data-pipeline-portfolio\venv\Lib\site-packages\dbt\adapters\snowflake\connections.py", line 578, in add_query
    connection, cursor = self._add_standard_queries(
                         ~~~~~~~~~~~~~~~~~~~~~~~~~~^
        stripped_queries,
        ^^^^^^^^^^^^^^^^^
    ...<2 lines>...
        abridge_sql_log=abridge_sql_log,
        ^^^^^^^^^^^^^^^^^^^^^^^^^^^^^^^^
    )
    ^
  File "C:\Users\victo\projects\data-pipeline-portfolio\venv\Lib\site-packages\dbt\adapters\snowflake\connections.py", line 637, in _add_standard_queries
    connection, cursor = self.add_standard_query(query, **kwargs)
                         ~~~~~~~~~~~~~~~~~~~~~~~^^^^^^^^^^^^^^^^^
  File "C:\Users\victo\projects\data-pipeline-portfolio\venv\Lib\site-packages\dbt\adapters\snowflake\connections.py", line 552, in add_standard_query
    return super().add_query(self._add_query_comment(sql), **kwargs)
           ~~~~~~~~~~~~~~~~~^^^^^^^^^^^^^^^^^^^^^^^^^^^^^^^^^^^^^^^^
  File "C:\Users\victo\projects\data-pipeline-portfolio\venv\Lib\site-packages\dbt\adapters\sql\connections.py", line 147, in add_query
    cursor = connection.handle.cursor()
             ^^^^^^^^^^^^^^^^^
  File "C:\Users\victo\projects\data-pipeline-portfolio\venv\Lib\site-packages\dbt\adapters\contracts\connection.py", line 96, in handle
    self._handle.resolve(self)
    ~~~~~~~~~~~~~~~~~~~~^^^^^^
  File "C:\Users\victo\projects\data-pipeline-portfolio\venv\Lib\site-packages\dbt\adapters\contracts\connection.py", line 120, in resolve
    return self.opener(connection)
           ~~~~~~~~~~~^^^^^^^^^^^^
  File "C:\Users\victo\projects\data-pipeline-portfolio\venv\Lib\site-packages\dbt\adapters\snowflake\connections.py", line 447, in open
    return cls.retry_connection(
           ~~~~~~~~~~~~~~~~~~~~^
        connection,
        ^^^^^^^^^^^
    ...<4 lines>...
        retryable_exceptions=retryable_exceptions,
        ^^^^^^^^^^^^^^^^^^^^^^^^^^^^^^^^^^^^^^^^^^
    )
    ^
  File "C:\Users\victo\projects\data-pipeline-portfolio\venv\Lib\site-packages\dbt\adapters\base\connections.py", line 237, in retry_connection
    connection.handle = connect()
                        ~~~~~~~^^
  File "C:\Users\victo\projects\data-pipeline-portfolio\venv\Lib\site-packages\dbt\adapters\snowflake\connections.py", line 405, in connect
    handle = snowflake.connector.connect(
        account=creds.account,
    ...<11 lines>...
        **creds.auth_args(),
    )
  File "C:\Users\victo\projects\data-pipeline-portfolio\venv\Lib\site-packages\snowflake\connector\__init__.py", line 66, in Connect
    return SnowflakeConnection(**kwargs)
  File "C:\Users\victo\projects\data-pipeline-portfolio\venv\Lib\site-packages\snowflake\connector\connection.py", line 678, in __init__
    self.connect(**kwargs)
    ~~~~~~~~~~~~^^^^^^^^^^
  File "C:\Users\victo\projects\data-pipeline-portfolio\venv\Lib\site-packages\snowflake\connector\connection.py", line 1172, in connect
    self.__open_connection()
    ~~~~~~~~~~~~~~~~~~~~~~^^
  File "C:\Users\victo\projects\data-pipeline-portfolio\venv\Lib\site-packages\snowflake\connector\connection.py", line 1600, in __open_connection
    self.authenticate_with_retry(self.auth_class)
    ~~~~~~~~~~~~~~~~~~~~~~~~~~~~^^^^^^^^^^^^^^^^^
  File "C:\Users\victo\projects\data-pipeline-portfolio\venv\Lib\site-packages\snowflake\connector\connection.py", line 1936, in authenticate_with_retry
    self._authenticate(auth_instance)
    ~~~~~~~~~~~~~~~~~~^^^^^^^^^^^^^^^
  File "C:\Users\victo\projects\data-pipeline-portfolio\venv\Lib\site-packages\snowflake\connector\connection.py", line 1968, in _authenticate
    auth.authenticate(
    ~~~~~~~~~~~~~~~~~^
        auth_instance=auth_instance,
        ^^^^^^^^^^^^^^^^^^^^^^^^^^^^
    ...<10 lines>...
        session_parameters=self._session_parameters,
        ^^^^^^^^^^^^^^^^^^^^^^^^^^^^^^^^^^^^^^^^^^^^
    )
    ^
  File "C:\Users\victo\projects\data-pipeline-portfolio\venv\Lib\site-packages\snowflake\connector\auth\_auth.py", line 253, in authenticate
    ret = self._rest._post_request(
        url,
    ...<2 lines>...
        socket_timeout=auth_instance._socket_timeout,
    )
  File "C:\Users\victo\projects\data-pipeline-portfolio\venv\Lib\site-packages\snowflake\connector\network.py", line 754, in _post_request
    ret = self.fetch(
        "post",
    ...<8 lines>...
        socket_timeout=socket_timeout,
    )
  File "C:\Users\victo\projects\data-pipeline-portfolio\venv\Lib\site-packages\snowflake\connector\network.py", line 873, in fetch
    ret = self._request_exec_wrapper(
        session, method, full_url, headers, data, retry_ctx, **kwargs
    )
  File "C:\Users\victo\projects\data-pipeline-portfolio\venv\Lib\site-packages\snowflake\connector\network.py", line 924, in _request_exec_wrapper
    return_object = self._request_exec(
        session=session,
    ...<7 lines>...
        **kwargs,
    )
  File "C:\Users\victo\projects\data-pipeline-portfolio\venv\Lib\site-packages\snowflake\connector\network.py", line 1109, in _request_exec
    raw_ret = session.request(
        method=method,
    ...<6 lines>...
        auth=auth,
    )
  File "C:\Users\victo\projects\data-pipeline-portfolio\venv\Lib\site-packages\snowflake\connector\vendored\requests\sessions.py", line 589, in request
    resp = self.send(prep, **send_kwargs)
  File "C:\Users\victo\projects\data-pipeline-portfolio\venv\Lib\site-packages\snowflake\connector\vendored\requests\sessions.py", line 703, in send
    r = adapter.send(request, **kwargs)
  File "C:\Users\victo\projects\data-pipeline-portfolio\venv\Lib\site-packages\snowflake\connector\vendored\requests\adapters.py", line 644, in send
    resp = conn.urlopen(
        method=request.method,
    ...<9 lines>...
        chunked=chunked,
    )
  File "C:\Users\victo\projects\data-pipeline-portfolio\venv\Lib\site-packages\snowflake\connector\vendored\urllib3\connectionpool.py", line 787, in urlopen
    response = self._make_request(
        conn,
    ...<10 lines>...
        **response_kw,
    )
  File "C:\Users\victo\projects\data-pipeline-portfolio\venv\Lib\site-packages\snowflake\connector\vendored\urllib3\connectionpool.py", line 464, in _make_request
    self._validate_conn(conn)
    ~~~~~~~~~~~~~~~~~~~^^^^^^
  File "C:\Users\victo\projects\data-pipeline-portfolio\venv\Lib\site-packages\snowflake\connector\vendored\urllib3\connectionpool.py", line 1093, in _validate_conn
    conn.connect()
    ~~~~~~~~~~~~^^
  File "C:\Users\victo\projects\data-pipeline-portfolio\venv\Lib\site-packages\snowflake\connector\vendored\urllib3\connection.py", line 799, in connect
    sock_and_verified = _ssl_wrap_socket_and_match_hostname(
        sock=sock,
    ...<14 lines>...
        assert_fingerprint=self.assert_fingerprint,
    )
  File "C:\Users\victo\projects\data-pipeline-portfolio\venv\Lib\site-packages\snowflake\connector\vendored\urllib3\connection.py", line 978, in _ssl_wrap_socket_and_match_hostname
    ssl_sock = ssl_wrap_socket(
        sock=sock,
    ...<8 lines>...
        tls_in_tls=tls_in_tls,
    )
  File "C:\Users\victo\projects\data-pipeline-portfolio\venv\Lib\site-packages\snowflake\connector\ssl_wrap_socket.py", line 230, in ssl_wrap_socket_with_cert_revocation_checks
    from .ocsp_asn1crypto import SnowflakeOCSPAsn1Crypto as SFOCSP
  File "C:\Users\victo\projects\data-pipeline-portfolio\venv\Lib\site-packages\snowflake\connector\ocsp_asn1crypto.py", line 42, in <module>
    from snowflake.connector.ocsp_snowflake import SnowflakeOCSP, generate_cache_key
  File "C:\Users\victo\projects\data-pipeline-portfolio\venv\Lib\site-packages\snowflake\connector\ocsp_snowflake.py", line 231, in <module>
    ] = _OCSPResponseValidationResultCache(
        ~~~~~~~~~~~~~~~~~~~~~~~~~~~~~~~~~~^
        entry_lifetime=constants.DAY_IN_SECONDS,
        ^^^^^^^^^^^^^^^^^^^^^^^^^^^^^^^^^^^^^^^^
    ...<19 lines>...
        },
        ^^
    )
    ^
  File "C:\Users\victo\projects\data-pipeline-portfolio\venv\Lib\site-packages\snowflake\connector\cache.py", line 426, in __init__
    tmp_file, tmp_file_path = tempfile.mkstemp(
                              ~~~~~~~~~~~~~~~~^
        dir=cache_folder,
        ^^^^^^^^^^^^^^^^^
    )
    ^
  File "D:\phyton\Lib\tempfile.py", line 358, in mkstemp
    return _mkstemp_inner(dir, prefix, suffix, flags, output_type)
  File "D:\phyton\Lib\tempfile.py", line 263, in _mkstemp_inner
    if (_os.name == 'nt' and _os.path.isdir(dir) and
                             ~~~~~~~~~~~~~~^^^^^
KeyboardInterrupt

[0m20:52:45.632509 [debug] [MainThread]: Command `dbt debug` failed at 20:52:45.632377 after 860.57 seconds
[0m20:52:45.632839 [debug] [MainThread]: Connection 'debug' was properly closed.
[0m20:52:45.633149 [debug] [MainThread]: Sending event: {'category': 'dbt', 'action': 'invocation', 'label': 'end', 'context': [<snowplow_tracker.self_describing_json.SelfDescribingJson object at 0x0000029FE9B7FBB0>, <snowplow_tracker.self_describing_json.SelfDescribingJson object at 0x0000029FE9FCB530>, <snowplow_tracker.self_describing_json.SelfDescribingJson object at 0x0000029FE9A53130>]}
[0m20:52:45.633537 [debug] [MainThread]: Flushing usage events
[0m20:52:46.649428 [debug] [MainThread]: An error was encountered while trying to flush usage events
[0m20:56:56.581796 [debug] [MainThread]: Sending event: {'category': 'dbt', 'action': 'invocation', 'label': 'start', 'context': [<snowplow_tracker.self_describing_json.SelfDescribingJson object at 0x0000027B8A39CAD0>, <snowplow_tracker.self_describing_json.SelfDescribingJson object at 0x0000027B8B4C7ED0>, <snowplow_tracker.self_describing_json.SelfDescribingJson object at 0x0000027B8B4C7B10>]}


============================== 20:56:56.586046 | 4f754f18-bae9-48ad-8944-280d9f371434 ==============================
[0m20:56:56.586046 [info ] [MainThread]: Running with dbt=1.11.2
[0m20:56:56.586686 [debug] [MainThread]: running dbt with arguments {'static_parser': 'True', 'no_print': 'None', 'version_check': 'True', 'warn_error_options': 'WarnErrorOptionsV2(error=[], warn=[], silence=[])', 'target_path': 'None', 'printer_width': '80', 'write_json': 'True', 'empty': 'None', 'log_cache_events': 'False', 'introspect': 'True', 'cache_selected_only': 'False', 'log_format': 'default', 'debug': 'False', 'fail_fast': 'False', 'partial_parse': 'True', 'send_anonymous_usage_stats': 'True', 'quiet': 'False', 'warn_error': 'None', 'profiles_dir': 'C:\\Users\\victo\\projects\\data-pipeline-portfolio\\dbtproject', 'invocation_command': 'dbt debug', 'indirect_selection': 'eager', 'use_colors': 'True', 'use_experimental_parser': 'False', 'log_path': 'C:\\Users\\victo\\projects\\data-pipeline-portfolio\\dbtproject\\logs'}
[0m20:56:56.606005 [info ] [MainThread]: dbt version: 1.11.2
[0m20:56:56.606380 [info ] [MainThread]: python version: 3.13.9
[0m20:56:56.606743 [info ] [MainThread]: python path: C:\Users\victo\projects\data-pipeline-portfolio\venv\Scripts\python.exe
[0m20:56:56.607043 [info ] [MainThread]: os info: Windows-11-10.0.26200-SP0
[0m20:56:57.321464 [debug] [MainThread]: Snowflake adapter: Setting snowflake.connector to ERROR (file logging only)
[0m20:56:57.321908 [debug] [MainThread]: Snowflake adapter: Setting botocore to ERROR (file logging only)
[0m20:56:57.322213 [debug] [MainThread]: Snowflake adapter: Setting boto3 to ERROR (file logging only)
[0m20:56:57.380199 [info ] [MainThread]: Using profiles dir at C:\Users\victo\projects\data-pipeline-portfolio\dbtproject
[0m20:56:57.380588 [info ] [MainThread]: Using profiles.yml file at C:\Users\victo\projects\data-pipeline-portfolio\dbtproject\profiles.yml
[0m20:56:57.380892 [info ] [MainThread]: Using dbt_project.yml file at C:\Users\victo\projects\data-pipeline-portfolio\dbtproject\dbt_project.yml
[0m20:56:57.381855 [info ] [MainThread]: adapter type: snowflake
[0m20:56:57.382225 [info ] [MainThread]: adapter version: 1.11.0
[0m20:56:57.474070 [info ] [MainThread]: Configuration:
[0m20:56:57.474468 [info ] [MainThread]:   profiles.yml file [[32mOK found and valid[0m]
[0m20:56:57.474881 [info ] [MainThread]:   dbt_project.yml file [[32mOK found and valid[0m]
[0m20:56:57.475268 [info ] [MainThread]: Required dependencies:
[0m20:56:57.475591 [debug] [MainThread]: Executing "git --help"
[0m20:56:57.517346 [debug] [MainThread]: STDOUT: "b"usage: git [-v | --version] [-h | --help] [-C <path>] [-c <name>=<value>]\n           [--exec-path[=<path>]] [--html-path] [--man-path] [--info-path]\n           [-p | --paginate | -P | --no-pager] [--no-replace-objects] [--no-lazy-fetch]\n           [--no-optional-locks] [--no-advice] [--bare] [--git-dir=<path>]\n           [--work-tree=<path>] [--namespace=<name>] [--config-env=<name>=<envvar>]\n           <command> [<args>]\n\nThese are common Git commands used in various situations:\n\nstart a working area (see also: git help tutorial)\n   clone      Clone a repository into a new directory\n   init       Create an empty Git repository or reinitialize an existing one\n\nwork on the current change (see also: git help everyday)\n   add        Add file contents to the index\n   mv         Move or rename a file, a directory, or a symlink\n   restore    Restore working tree files\n   rm         Remove files from the working tree and from the index\n\nexamine the history and state (see also: git help revisions)\n   bisect     Use binary search to find the commit that introduced a bug\n   diff       Show changes between commits, commit and working tree, etc\n   grep       Print lines matching a pattern\n   log        Show commit logs\n   show       Show various types of objects\n   status     Show the working tree status\n\ngrow, mark and tweak your common history\n   backfill   Download missing objects in a partial clone\n   branch     List, create, or delete branches\n   commit     Record changes to the repository\n   merge      Join two or more development histories together\n   rebase     Reapply commits on top of another base tip\n   reset      Reset current HEAD to the specified state\n   switch     Switch branches\n   tag        Create, list, delete or verify a tag object signed with GPG\n\ncollaborate (see also: git help workflows)\n   fetch      Download objects and refs from another repository\n   pull       Fetch from and integrate with another repository or a local branch\n   push       Update remote refs along with associated objects\n\n'git help -a' and 'git help -g' list available subcommands and some\nconcept guides. See 'git help <command>' or 'git help <concept>'\nto read about a specific subcommand or concept.\nSee 'git help git' for an overview of the system.\n""
[0m20:56:57.517789 [debug] [MainThread]: STDERR: "b''"
[0m20:56:57.518127 [info ] [MainThread]:  - git [[32mOK found[0m]

[0m20:56:57.518458 [info ] [MainThread]: Connection:
[0m20:56:57.518793 [info ] [MainThread]:   account: UZQPXSP-DG14553
[0m20:56:57.519099 [info ] [MainThread]:   user: VICTORN198
[0m20:56:57.519393 [info ] [MainThread]:   database: ANALYTICS
[0m20:56:57.519671 [info ] [MainThread]:   warehouse: COMPUTE_WH
[0m20:56:57.519946 [info ] [MainThread]:   role: ACCOUNTADMIN
[0m20:56:57.520283 [info ] [MainThread]:   schema: STAGING
[0m20:56:57.520653 [info ] [MainThread]:   authenticator: None
[0m20:56:57.521002 [info ] [MainThread]:   oauth_client_id: None
[0m20:56:57.521330 [info ] [MainThread]:   query_tag: None
[0m20:56:57.521635 [info ] [MainThread]:   client_session_keep_alive: False
[0m20:56:57.521921 [info ] [MainThread]:   host: None
[0m20:56:57.522205 [info ] [MainThread]:   port: None
[0m20:56:57.522481 [info ] [MainThread]:   proxy_host: None
[0m20:56:57.522751 [info ] [MainThread]:   proxy_port: None
[0m20:56:57.523086 [info ] [MainThread]:   protocol: None
[0m20:56:57.523482 [info ] [MainThread]:   connect_retries: 1
[0m20:56:57.523828 [info ] [MainThread]:   connect_timeout: None
[0m20:56:57.524113 [info ] [MainThread]:   retry_on_database_errors: False
[0m20:56:57.524393 [info ] [MainThread]:   retry_all: False
[0m20:56:57.524660 [info ] [MainThread]:   insecure_mode: False
[0m20:56:57.524925 [info ] [MainThread]:   reuse_connections: True
[0m20:56:57.525262 [info ] [MainThread]:   s3_stage_vpce_dns_name: None
[0m20:56:57.525616 [info ] [MainThread]:   platform_detection_timeout_seconds: 0.0
[0m20:56:57.526090 [info ] [MainThread]: Registered adapter: snowflake=1.11.0
[0m20:56:57.998025 [debug] [MainThread]: Acquiring new snowflake connection 'debug'
[0m20:56:58.088212 [debug] [MainThread]: Using snowflake connection "debug"
[0m20:56:58.088513 [debug] [MainThread]: On debug: select 1 as id
[0m20:56:58.088749 [debug] [MainThread]: Opening a new connection, currently in state init
